{"/home/ger/Dev/social-soccer/src/lib/client/games.ts": {"path":"/home/ger/Dev/social-soccer/src/lib/client/games.ts","statementMap":{"0":{"start":{"line":11,"column":1},"end":{"line":14,"column":null}},"1":{"start":{"line":12,"column":23},"end":{"line":12,"column":null}},"2":{"start":{"line":12,"column":52},"end":{"line":12,"column":70}},"3":{"start":{"line":13,"column":2},"end":{"line":13,"column":null}},"4":{"start":{"line":30,"column":1},"end":{"line":71,"column":null}},"5":{"start":{"line":93,"column":47},"end":{"line":93,"column":null}},"6":{"start":{"line":94,"column":1},"end":{"line":119,"column":null}},"7":{"start":{"line":95,"column":15},"end":{"line":95,"column":null}},"8":{"start":{"line":96,"column":16},"end":{"line":96,"column":null}},"9":{"start":{"line":97,"column":23},"end":{"line":102,"column":null}},"10":{"start":{"line":104,"column":15},"end":{"line":111,"column":null}},"11":{"start":{"line":113,"column":2},"end":{"line":113,"column":null}},"12":{"start":{"line":114,"column":2},"end":{"line":114,"column":null}},"13":{"start":{"line":117,"column":2},"end":{"line":117,"column":null}},"14":{"start":{"line":118,"column":2},"end":{"line":118,"column":null}},"15":{"start":{"line":138,"column":1},"end":{"line":145,"column":null}},"16":{"start":{"line":139,"column":22},"end":{"line":139,"column":null}},"17":{"start":{"line":141,"column":24},"end":{"line":141,"column":null}},"18":{"start":{"line":143,"column":2},"end":{"line":143,"column":null}},"19":{"start":{"line":144,"column":2},"end":{"line":144,"column":null}},"20":{"start":{"line":155,"column":1},"end":{"line":168,"column":null}},"21":{"start":{"line":157,"column":3},"end":{"line":157,"column":null}},"22":{"start":{"line":159,"column":3},"end":{"line":159,"column":null}},"23":{"start":{"line":161,"column":3},"end":{"line":161,"column":null}},"24":{"start":{"line":163,"column":3},"end":{"line":163,"column":null}},"25":{"start":{"line":165,"column":3},"end":{"line":165,"column":null}},"26":{"start":{"line":167,"column":3},"end":{"line":167,"column":null}}},"fnMap":{"0":{"name":"getAverageRating","decl":{"start":{"line":10,"column":16},"end":{"line":10,"column":33}},"loc":{"start":{"line":10,"column":52},"end":{"line":15,"column":null}},"line":10},"1":{"name":"(anonymous_1)","decl":{"start":{"line":12,"column":38},"end":{"line":12,"column":39}},"loc":{"start":{"line":12,"column":52},"end":{"line":12,"column":70}},"line":12},"2":{"name":"buildMapCard","decl":{"start":{"line":29,"column":16},"end":{"line":29,"column":29}},"loc":{"start":{"line":29,"column":92},"end":{"line":76,"column":null}},"line":29},"3":{"name":"createMarkers","decl":{"start":{"line":87,"column":22},"end":{"line":87,"column":null}},"loc":{"start":{"line":92,"column":2},"end":{"line":120,"column":null}},"line":92},"4":{"name":"(anonymous_4)","decl":{"start":{"line":94,"column":28},"end":{"line":94,"column":29}},"loc":{"start":{"line":94,"column":45},"end":{"line":119,"column":2}},"line":94},"5":{"name":"addOnClickFunction","decl":{"start":{"line":131,"column":16},"end":{"line":131,"column":null}},"loc":{"start":{"line":137,"column":2},"end":{"line":146,"column":null}},"line":137},"6":{"name":"(anonymous_6)","decl":{"start":{"line":138,"column":29},"end":{"line":138,"column":35}},"loc":{"start":{"line":138,"column":35},"end":{"line":145,"column":2}},"line":138},"7":{"name":"getLevelColour","decl":{"start":{"line":154,"column":16},"end":{"line":154,"column":31}},"loc":{"start":{"line":154,"column":45},"end":{"line":169,"column":null}},"line":154}},"branchMap":{"0":{"loc":{"start":{"line":11,"column":1},"end":{"line":14,"column":null}},"type":"if","locations":[{"start":{"line":11,"column":1},"end":{"line":14,"column":null}},{"start":{},"end":{}}],"line":11},"1":{"loc":{"start":{"line":70,"column":31},"end":{"line":70,"column":72}},"type":"cond-expr","locations":[{"start":{"line":70,"column":42},"end":{"line":70,"column":56}},{"start":{"line":70,"column":56},"end":{"line":70,"column":72}}],"line":70},"2":{"loc":{"start":{"line":71,"column":26},"end":{"line":71,"column":85}},"type":"cond-expr","locations":[{"start":{"line":71,"column":37},"end":{"line":71,"column":59}},{"start":{"line":71,"column":59},"end":{"line":71,"column":85}}],"line":71},"3":{"loc":{"start":{"line":155,"column":1},"end":{"line":168,"column":null}},"type":"switch","locations":[{"start":{"line":156,"column":2},"end":{"line":157,"column":null}},{"start":{"line":158,"column":2},"end":{"line":159,"column":null}},{"start":{"line":160,"column":2},"end":{"line":161,"column":null}},{"start":{"line":162,"column":2},"end":{"line":163,"column":null}},{"start":{"line":164,"column":2},"end":{"line":165,"column":null}},{"start":{"line":166,"column":2},"end":{"line":167,"column":null}}],"line":155}},"s":{"0":3,"1":2,"2":5,"3":2,"4":5,"5":1,"6":1,"7":2,"8":2,"9":2,"10":2,"11":2,"12":2,"13":2,"14":2,"15":5,"16":2,"17":2,"18":2,"19":2,"20":8,"21":2,"22":1,"23":1,"24":1,"25":2,"26":1},"f":{"0":3,"1":5,"2":5,"3":1,"4":2,"5":5,"6":2,"7":8},"b":{"0":[2,1],"1":[3,2],"2":[3,2],"3":[2,1,1,1,2,1]},"meta":{"lastBranch":4,"lastFunction":8,"lastStatement":27,"seen":{"f:10:16:10:33":0,"b:11:1:14:Infinity:undefined:undefined:undefined:undefined":0,"s:11:1:14:Infinity":0,"s:12:23:12:Infinity":1,"f:12:38:12:39":1,"s:12:52:12:70":2,"s:13:2:13:Infinity":3,"f:29:16:29:29":2,"s:30:1:71:Infinity":4,"b:70:42:70:56:70:56:70:72":1,"b:71:37:71:59:71:59:71:85":2,"f:87:22:87:Infinity":3,"s:93:47:93:Infinity":5,"s:94:1:119:Infinity":6,"f:94:28:94:29":4,"s:95:15:95:Infinity":7,"s:96:16:96:Infinity":8,"s:97:23:102:Infinity":9,"s:104:15:111:Infinity":10,"s:113:2:113:Infinity":11,"s:114:2:114:Infinity":12,"s:117:2:117:Infinity":13,"s:118:2:118:Infinity":14,"f:131:16:131:Infinity":5,"s:138:1:145:Infinity":15,"f:138:29:138:35":6,"s:139:22:139:Infinity":16,"s:141:24:141:Infinity":17,"s:143:2:143:Infinity":18,"s:144:2:144:Infinity":19,"f:154:16:154:31":7,"b:156:2:157:Infinity:158:2:159:Infinity:160:2:161:Infinity:162:2:163:Infinity:164:2:165:Infinity:166:2:167:Infinity":3,"s:155:1:168:Infinity":20,"s:157:3:157:Infinity":21,"s:159:3:159:Infinity":22,"s:161:3:161:Infinity":23,"s:163:3:163:Infinity":24,"s:165:3:165:Infinity":25,"s:167:3:167:Infinity":26}}}
,"/home/ger/Dev/social-soccer/src/lib/client/location.ts": {"path":"/home/ger/Dev/social-soccer/src/lib/client/location.ts","statementMap":{"0":{"start":{"line":8,"column":51},"end":{"line":8,"column":null}},"1":{"start":{"line":9,"column":4},"end":{"line":9,"column":null}},"2":{"start":{"line":11,"column":1},"end":{"line":42,"column":null}},"3":{"start":{"line":13,"column":22},"end":{"line":13,"column":null}},"4":{"start":{"line":14,"column":19},"end":{"line":14,"column":null}},"5":{"start":{"line":16,"column":2},"end":{"line":41,"column":null}},"6":{"start":{"line":18,"column":4},"end":{"line":18,"column":null}},"7":{"start":{"line":19,"column":4},"end":{"line":19,"column":null}},"8":{"start":{"line":21,"column":4},"end":{"line":21,"column":null}},"9":{"start":{"line":22,"column":4},"end":{"line":22,"column":null}},"10":{"start":{"line":27,"column":4},"end":{"line":27,"column":null}},"11":{"start":{"line":28,"column":4},"end":{"line":28,"column":null}},"12":{"start":{"line":30,"column":4},"end":{"line":30,"column":null}},"13":{"start":{"line":31,"column":4},"end":{"line":31,"column":null}},"14":{"start":{"line":33,"column":4},"end":{"line":33,"column":null}},"15":{"start":{"line":34,"column":4},"end":{"line":34,"column":null}},"16":{"start":{"line":36,"column":4},"end":{"line":36,"column":null}},"17":{"start":{"line":37,"column":4},"end":{"line":37,"column":null}},"18":{"start":{"line":39,"column":4},"end":{"line":39,"column":null}},"19":{"start":{"line":40,"column":4},"end":{"line":40,"column":null}},"20":{"start":{"line":44,"column":22},"end":{"line":44,"column":null}},"21":{"start":{"line":45,"column":15},"end":{"line":45,"column":null}},"22":{"start":{"line":47,"column":17},"end":{"line":47,"column":null}},"23":{"start":{"line":49,"column":17},"end":{"line":49,"column":null}},"24":{"start":{"line":51,"column":1},"end":{"line":58,"column":null}}},"fnMap":{"0":{"name":"parseGeocodeAddress","decl":{"start":{"line":7,"column":16},"end":{"line":7,"column":36}},"loc":{"start":{"line":7,"column":87},"end":{"line":59,"column":null}},"line":7}},"branchMap":{"0":{"loc":{"start":{"line":16,"column":2},"end":{"line":41,"column":null}},"type":"switch","locations":[{"start":{"line":17,"column":3},"end":{"line":19,"column":null}},{"start":{"line":20,"column":3},"end":{"line":22,"column":null}},{"start":{"line":23,"column":3},"end":{"line":23,"column":null}},{"start":{"line":24,"column":3},"end":{"line":24,"column":null}},{"start":{"line":25,"column":3},"end":{"line":25,"column":null}},{"start":{"line":26,"column":3},"end":{"line":28,"column":null}},{"start":{"line":29,"column":3},"end":{"line":31,"column":null}},{"start":{"line":32,"column":3},"end":{"line":34,"column":null}},{"start":{"line":35,"column":3},"end":{"line":37,"column":null}},{"start":{"line":38,"column":3},"end":{"line":40,"column":null}}],"line":16},"1":{"loc":{"start":{"line":44,"column":22},"end":{"line":44,"column":null}},"type":"binary-expr","locations":[{"start":{"line":44,"column":22},"end":{"line":44,"column":54}},{"start":{"line":44,"column":54},"end":{"line":44,"column":null}}],"line":44},"2":{"loc":{"start":{"line":45,"column":15},"end":{"line":45,"column":null}},"type":"binary-expr","locations":[{"start":{"line":45,"column":15},"end":{"line":45,"column":39}},{"start":{"line":45,"column":39},"end":{"line":45,"column":null}}],"line":45},"3":{"loc":{"start":{"line":49,"column":17},"end":{"line":49,"column":null}},"type":"binary-expr","locations":[{"start":{"line":49,"column":17},"end":{"line":49,"column":48}},{"start":{"line":49,"column":48},"end":{"line":49,"column":null}}],"line":49},"4":{"loc":{"start":{"line":54,"column":8},"end":{"line":54,"column":null}},"type":"binary-expr","locations":[{"start":{"line":54,"column":8},"end":{"line":54,"column":31}},{"start":{"line":54,"column":31},"end":{"line":54,"column":null}}],"line":54},"5":{"loc":{"start":{"line":55,"column":10},"end":{"line":55,"column":null}},"type":"binary-expr","locations":[{"start":{"line":55,"column":10},"end":{"line":55,"column":35}},{"start":{"line":55,"column":35},"end":{"line":55,"column":null}}],"line":55},"6":{"loc":{"start":{"line":56,"column":11},"end":{"line":56,"column":null}},"type":"binary-expr","locations":[{"start":{"line":56,"column":11},"end":{"line":56,"column":37}},{"start":{"line":56,"column":37},"end":{"line":56,"column":null}}],"line":56},"7":{"loc":{"start":{"line":57,"column":11},"end":{"line":57,"column":null}},"type":"binary-expr","locations":[{"start":{"line":57,"column":11},"end":{"line":57,"column":37}},{"start":{"line":57,"column":37},"end":{"line":57,"column":null}}],"line":57}},"s":{"0":3,"1":3,"2":3,"3":11,"4":11,"5":11,"6":2,"7":2,"8":2,"9":2,"10":2,"11":2,"12":1,"13":1,"14":1,"15":1,"16":2,"17":2,"18":1,"19":1,"20":3,"21":3,"22":3,"23":3,"24":3},"f":{"0":3},"b":{"0":[2,2,1,1,1,2,1,1,2,1],"1":[3,1],"2":[3,1],"3":[3,2],"4":[3,2],"5":[3,2],"6":[3,1],"7":[3,2]},"meta":{"lastBranch":8,"lastFunction":1,"lastStatement":25,"seen":{"f:7:16:7:36":0,"s:8:51:8:Infinity":0,"s:9:4:9:Infinity":1,"s:11:1:42:Infinity":2,"s:13:22:13:Infinity":3,"s:14:19:14:Infinity":4,"b:17:3:19:Infinity:20:3:22:Infinity:23:3:23:Infinity:24:3:24:Infinity:25:3:25:Infinity:26:3:28:Infinity:29:3:31:Infinity:32:3:34:Infinity:35:3:37:Infinity:38:3:40:Infinity":0,"s:16:2:41:Infinity":5,"s:18:4:18:Infinity":6,"s:19:4:19:Infinity":7,"s:21:4:21:Infinity":8,"s:22:4:22:Infinity":9,"s:27:4:27:Infinity":10,"s:28:4:28:Infinity":11,"s:30:4:30:Infinity":12,"s:31:4:31:Infinity":13,"s:33:4:33:Infinity":14,"s:34:4:34:Infinity":15,"s:36:4:36:Infinity":16,"s:37:4:37:Infinity":17,"s:39:4:39:Infinity":18,"s:40:4:40:Infinity":19,"s:44:22:44:Infinity":20,"b:44:22:44:54:44:54:44:Infinity":1,"s:45:15:45:Infinity":21,"b:45:15:45:39:45:39:45:Infinity":2,"s:47:17:47:Infinity":22,"s:49:17:49:Infinity":23,"b:49:17:49:48:49:48:49:Infinity":3,"s:51:1:58:Infinity":24,"b:54:8:54:31:54:31:54:Infinity":4,"b:55:10:55:35:55:35:55:Infinity":5,"b:56:11:56:37:56:37:56:Infinity":6,"b:57:11:57:37:57:37:57:Infinity":7}}}
,"/home/ger/Dev/social-soccer/src/lib/client/utils.ts": {"path":"/home/ger/Dev/social-soccer/src/lib/client/utils.ts","statementMap":{"0":{"start":{"line":8,"column":4},"end":{"line":11,"column":null}},"1":{"start":{"line":9,"column":8},"end":{"line":9,"column":null}},"2":{"start":{"line":11,"column":9},"end":{"line":11,"column":null}},"3":{"start":{"line":14,"column":29},"end":{"line":22,"column":null}}},"fnMap":{"0":{"name":"getErrorMessage","decl":{"start":{"line":7,"column":16},"end":{"line":7,"column":32}},"loc":{"start":{"line":7,"column":44},"end":{"line":12,"column":null}},"line":7}},"branchMap":{"0":{"loc":{"start":{"line":8,"column":4},"end":{"line":11,"column":null}},"type":"if","locations":[{"start":{"line":8,"column":4},"end":{"line":11,"column":null}},{"start":{"line":11,"column":9},"end":{"line":11,"column":null}}],"line":8}},"s":{"0":2,"1":1,"2":1,"3":2},"f":{"0":2},"b":{"0":[1,1]},"meta":{"lastBranch":1,"lastFunction":1,"lastStatement":4,"seen":{"f:7:16:7:32":0,"b:8:4:11:Infinity:11:9:11:Infinity":0,"s:8:4:11:Infinity":0,"s:9:8:9:Infinity":1,"s:11:9:11:Infinity":2,"s:14:29:22:Infinity":3}}}
,"/home/ger/Dev/social-soccer/src/lib/orm/address.ts": {"path":"/home/ger/Dev/social-soccer/src/lib/orm/address.ts","statementMap":{"0":{"start":{"line":14,"column":13},"end":{"line":17,"column":null}},"1":{"start":{"line":22,"column":16},"end":{"line":22,"column":null}},"2":{"start":{"line":25,"column":25},"end":{"line":25,"column":null}},"3":{"start":{"line":27,"column":1},"end":{"line":27,"column":null}},"4":{"start":{"line":37,"column":13},"end":{"line":42,"column":null}},"5":{"start":{"line":45,"column":16},"end":{"line":45,"column":null}},"6":{"start":{"line":47,"column":1},"end":{"line":49,"column":null}},"7":{"start":{"line":48,"column":2},"end":{"line":48,"column":null}},"8":{"start":{"line":51,"column":17},"end":{"line":51,"column":null}},"9":{"start":{"line":53,"column":18},"end":{"line":53,"column":null}},"10":{"start":{"line":55,"column":1},"end":{"line":58,"column":null}},"11":{"start":{"line":70,"column":13},"end":{"line":84,"column":null}},"12":{"start":{"line":87,"column":17},"end":{"line":87,"column":null}},"13":{"start":{"line":89,"column":1},"end":{"line":95,"column":null}},"14":{"start":{"line":90,"column":2},"end":{"line":94,"column":null}},"15":{"start":{"line":105,"column":1},"end":{"line":115,"column":null}},"16":{"start":{"line":124,"column":17},"end":{"line":126,"column":null}},"17":{"start":{"line":127,"column":1},"end":{"line":129,"column":null}},"18":{"start":{"line":128,"column":2},"end":{"line":128,"column":null}},"19":{"start":{"line":130,"column":1},"end":{"line":130,"column":null}},"20":{"start":{"line":140,"column":1},"end":{"line":151,"column":null}},"21":{"start":{"line":160,"column":1},"end":{"line":160,"column":null}},"22":{"start":{"line":168,"column":1},"end":{"line":168,"column":null}}},"fnMap":{"0":{"name":"createCoordinates","decl":{"start":{"line":12,"column":22},"end":{"line":12,"column":40}},"loc":{"start":{"line":12,"column":94},"end":{"line":28,"column":null}},"line":12},"1":{"name":"getCoordinateByID","decl":{"start":{"line":36,"column":22},"end":{"line":36,"column":40}},"loc":{"start":{"line":36,"column":84},"end":{"line":59,"column":null}},"line":36},"2":{"name":"findNearestGames","decl":{"start":{"line":69,"column":22},"end":{"line":69,"column":39}},"loc":{"start":{"line":69,"column":92},"end":{"line":96,"column":null}},"line":69},"3":{"name":"(anonymous_3)","decl":{"start":{"line":89,"column":20},"end":{"line":89,"column":21}},"loc":{"start":{"line":89,"column":32},"end":{"line":95,"column":2}},"line":89},"4":{"name":"createAddress","decl":{"start":{"line":104,"column":22},"end":{"line":104,"column":36}},"loc":{"start":{"line":104,"column":77},"end":{"line":116,"column":null}},"line":104},"5":{"name":"getAddressByID","decl":{"start":{"line":123,"column":22},"end":{"line":123,"column":37}},"loc":{"start":{"line":123,"column":49},"end":{"line":131,"column":null}},"line":123},"6":{"name":"updateAddress","decl":{"start":{"line":139,"column":22},"end":{"line":139,"column":36}},"loc":{"start":{"line":139,"column":80},"end":{"line":152,"column":null}},"line":139},"7":{"name":"getAddress","decl":{"start":{"line":159,"column":22},"end":{"line":159,"column":33}},"loc":{"start":{"line":159,"column":45},"end":{"line":161,"column":null}},"line":159},"8":{"name":"deleteCoordinatesByID","decl":{"start":{"line":167,"column":22},"end":{"line":167,"column":44}},"loc":{"start":{"line":167,"column":56},"end":{"line":169,"column":null}},"line":167}},"branchMap":{"0":{"loc":{"start":{"line":47,"column":1},"end":{"line":49,"column":null}},"type":"if","locations":[{"start":{"line":47,"column":1},"end":{"line":49,"column":null}},{"start":{},"end":{}}],"line":47},"1":{"loc":{"start":{"line":47,"column":5},"end":{"line":47,"column":35}},"type":"binary-expr","locations":[{"start":{"line":47,"column":5},"end":{"line":47,"column":16}},{"start":{"line":47,"column":16},"end":{"line":47,"column":35}}],"line":47},"2":{"loc":{"start":{"line":127,"column":1},"end":{"line":129,"column":null}},"type":"if","locations":[{"start":{"line":127,"column":1},"end":{"line":129,"column":null}},{"start":{},"end":{}}],"line":127}},"s":{"0":51,"1":51,"2":50,"3":50,"4":4,"5":4,"6":4,"7":2,"8":2,"9":2,"10":2,"11":1,"12":1,"13":1,"14":5,"15":47,"16":2,"17":2,"18":1,"19":1,"20":1,"21":4,"22":1},"f":{"0":51,"1":4,"2":1,"3":5,"4":47,"5":2,"6":1,"7":4,"8":1},"b":{"0":[2,2],"1":[4,4],"2":[1,1]},"meta":{"lastBranch":3,"lastFunction":9,"lastStatement":23,"seen":{"f:12:22:12:40":0,"s:14:13:17:Infinity":0,"s:22:16:22:Infinity":1,"s:25:25:25:Infinity":2,"s:27:1:27:Infinity":3,"f:36:22:36:40":1,"s:37:13:42:Infinity":4,"s:45:16:45:Infinity":5,"b:47:1:49:Infinity:undefined:undefined:undefined:undefined":0,"s:47:1:49:Infinity":6,"b:47:5:47:16:47:16:47:35":1,"s:48:2:48:Infinity":7,"s:51:17:51:Infinity":8,"s:53:18:53:Infinity":9,"s:55:1:58:Infinity":10,"f:69:22:69:39":2,"s:70:13:84:Infinity":11,"s:87:17:87:Infinity":12,"s:89:1:95:Infinity":13,"f:89:20:89:21":3,"s:90:2:94:Infinity":14,"f:104:22:104:36":4,"s:105:1:115:Infinity":15,"f:123:22:123:37":5,"s:124:17:126:Infinity":16,"b:127:1:129:Infinity:undefined:undefined:undefined:undefined":2,"s:127:1:129:Infinity":17,"s:128:2:128:Infinity":18,"s:130:1:130:Infinity":19,"f:139:22:139:36":6,"s:140:1:151:Infinity":20,"f:159:22:159:33":7,"s:160:1:160:Infinity":21,"f:167:22:167:44":8,"s:168:1:168:Infinity":22}}}
,"/home/ger/Dev/social-soccer/src/lib/orm/auth.ts": {"path":"/home/ger/Dev/social-soccer/src/lib/orm/auth.ts","statementMap":{"0":{"start":{"line":10,"column":1},"end":{"line":16,"column":null}},"1":{"start":{"line":25,"column":1},"end":{"line":42,"column":null}},"2":{"start":{"line":26,"column":22},"end":{"line":26,"column":null}},"3":{"start":{"line":28,"column":2},"end":{"line":30,"column":null}},"4":{"start":{"line":29,"column":3},"end":{"line":29,"column":null}},"5":{"start":{"line":33,"column":2},"end":{"line":33,"column":null}},"6":{"start":{"line":35,"column":2},"end":{"line":39,"column":null}},"7":{"start":{"line":41,"column":2},"end":{"line":41,"column":null}},"8":{"start":{"line":53,"column":1},"end":{"line":59,"column":null}},"9":{"start":{"line":67,"column":1},"end":{"line":71,"column":null}},"10":{"start":{"line":81,"column":1},"end":{"line":88,"column":null}},"11":{"start":{"line":97,"column":1},"end":{"line":104,"column":null}},"12":{"start":{"line":115,"column":1},"end":{"line":121,"column":null}},"13":{"start":{"line":129,"column":1},"end":{"line":129,"column":null}}},"fnMap":{"0":{"name":"createPasswordResetToken","decl":{"start":{"line":9,"column":22},"end":{"line":9,"column":47}},"loc":{"start":{"line":9,"column":93},"end":{"line":17,"column":null}},"line":9},"1":{"name":"getEmailValidationToken","decl":{"start":{"line":24,"column":22},"end":{"line":24,"column":46}},"loc":{"start":{"line":24,"column":61},"end":{"line":43,"column":null}},"line":24},"2":{"name":"(anonymous_2)","decl":{"start":{"line":25,"column":34},"end":{"line":25,"column":41}},"loc":{"start":{"line":25,"column":48},"end":{"line":42,"column":2}},"line":25},"3":{"name":"saveEmailVerificationToken","decl":{"start":{"line":52,"column":22},"end":{"line":52,"column":49}},"loc":{"start":{"line":52,"column":97},"end":{"line":60,"column":null}},"line":52},"4":{"name":"invalidateSession","decl":{"start":{"line":66,"column":22},"end":{"line":66,"column":40}},"loc":{"start":{"line":66,"column":59},"end":{"line":72,"column":null}},"line":66},"5":{"name":"updateSession","decl":{"start":{"line":80,"column":22},"end":{"line":80,"column":36}},"loc":{"start":{"line":80,"column":72},"end":{"line":89,"column":null}},"line":80},"6":{"name":"getSessionByID","decl":{"start":{"line":96,"column":22},"end":{"line":96,"column":37}},"loc":{"start":{"line":96,"column":56},"end":{"line":105,"column":null}},"line":96},"7":{"name":"saveSession","decl":{"start":{"line":114,"column":22},"end":{"line":114,"column":34}},"loc":{"start":{"line":114,"column":86},"end":{"line":122,"column":null}},"line":114},"8":{"name":"deleteAllEmailVerificationTokens","decl":{"start":{"line":128,"column":22},"end":{"line":128,"column":55}},"loc":{"start":{"line":128,"column":71},"end":{"line":130,"column":null}},"line":128}},"branchMap":{"0":{"loc":{"start":{"line":28,"column":2},"end":{"line":30,"column":null}},"type":"if","locations":[{"start":{"line":28,"column":2},"end":{"line":30,"column":null}},{"start":{},"end":{}}],"line":28}},"s":{"0":1,"1":3,"2":3,"3":3,"4":1,"5":2,"6":2,"7":2,"8":5,"9":1,"10":1,"11":2,"12":6,"13":1},"f":{"0":1,"1":3,"2":3,"3":5,"4":1,"5":1,"6":2,"7":6,"8":1},"b":{"0":[1,2]},"meta":{"lastBranch":1,"lastFunction":9,"lastStatement":14,"seen":{"f:9:22:9:47":0,"s:10:1:16:Infinity":0,"f:24:22:24:46":1,"s:25:1:42:Infinity":1,"f:25:34:25:41":2,"s:26:22:26:Infinity":2,"b:28:2:30:Infinity:undefined:undefined:undefined:undefined":0,"s:28:2:30:Infinity":3,"s:29:3:29:Infinity":4,"s:33:2:33:Infinity":5,"s:35:2:39:Infinity":6,"s:41:2:41:Infinity":7,"f:52:22:52:49":3,"s:53:1:59:Infinity":8,"f:66:22:66:40":4,"s:67:1:71:Infinity":9,"f:80:22:80:36":5,"s:81:1:88:Infinity":10,"f:96:22:96:37":6,"s:97:1:104:Infinity":11,"f:114:22:114:34":7,"s:115:1:121:Infinity":12,"f:128:22:128:55":8,"s:129:1:129:Infinity":13}}}
,"/home/ger/Dev/social-soccer/src/lib/orm/game.ts": {"path":"/home/ger/Dev/social-soccer/src/lib/orm/game.ts","statementMap":{"0":{"start":{"line":4,"column":26},"end":{"line":13,"column":null}},"1":{"start":{"line":36,"column":1},"end":{"line":48,"column":null}},"2":{"start":{"line":57,"column":1},"end":{"line":62,"column":null}},"3":{"start":{"line":73,"column":1},"end":{"line":78,"column":null}},"4":{"start":{"line":87,"column":1},"end":{"line":91,"column":null}},"5":{"start":{"line":101,"column":1},"end":{"line":106,"column":null}},"6":{"start":{"line":116,"column":1},"end":{"line":128,"column":null}},"7":{"start":{"line":137,"column":1},"end":{"line":141,"column":null}},"8":{"start":{"line":150,"column":1},"end":{"line":158,"column":null}},"9":{"start":{"line":167,"column":1},"end":{"line":172,"column":null}},"10":{"start":{"line":181,"column":1},"end":{"line":192,"column":null}},"11":{"start":{"line":214,"column":1},"end":{"line":219,"column":null}},"12":{"start":{"line":228,"column":1},"end":{"line":239,"column":null}},"13":{"start":{"line":249,"column":1},"end":{"line":254,"column":null}},"14":{"start":{"line":263,"column":1},"end":{"line":270,"column":null}},"15":{"start":{"line":279,"column":1},"end":{"line":285,"column":null}}},"fnMap":{"0":{"name":"createGame","decl":{"start":{"line":27,"column":22},"end":{"line":27,"column":null}},"loc":{"start":{"line":35,"column":2},"end":{"line":49,"column":null}},"line":35},"1":{"name":"getGameByID","decl":{"start":{"line":56,"column":22},"end":{"line":56,"column":34}},"loc":{"start":{"line":56,"column":50},"end":{"line":63,"column":null}},"line":56},"2":{"name":"getRequestToJoin","decl":{"start":{"line":72,"column":22},"end":{"line":72,"column":39}},"loc":{"start":{"line":72,"column":71},"end":{"line":79,"column":null}},"line":72},"3":{"name":"getRequestToJoinByID","decl":{"start":{"line":86,"column":22},"end":{"line":86,"column":43}},"loc":{"start":{"line":86,"column":55},"end":{"line":92,"column":null}},"line":86},"4":{"name":"createRequestToJoin","decl":{"start":{"line":100,"column":22},"end":{"line":100,"column":42}},"loc":{"start":{"line":100,"column":74},"end":{"line":107,"column":null}},"line":100},"5":{"name":"addPlayerToGame","decl":{"start":{"line":115,"column":22},"end":{"line":115,"column":38}},"loc":{"start":{"line":115,"column":70},"end":{"line":129,"column":null}},"line":115},"6":{"name":"getLatestGames","decl":{"start":{"line":136,"column":22},"end":{"line":136,"column":37}},"loc":{"start":{"line":136,"column":52},"end":{"line":142,"column":null}},"line":136},"7":{"name":"getOpenGameRequestForAdmin","decl":{"start":{"line":149,"column":22},"end":{"line":149,"column":49}},"loc":{"start":{"line":149,"column":70},"end":{"line":159,"column":null}},"line":149},"8":{"name":"getManagedGames","decl":{"start":{"line":166,"column":22},"end":{"line":166,"column":38}},"loc":{"start":{"line":166,"column":59},"end":{"line":173,"column":null}},"line":166},"9":{"name":"getGamesParticipatingIn","decl":{"start":{"line":180,"column":22},"end":{"line":180,"column":46}},"loc":{"start":{"line":180,"column":64},"end":{"line":193,"column":null}},"line":180},"10":{"name":"getGamesWithMatchingIDs","decl":{"start":{"line":213,"column":22},"end":{"line":213,"column":46}},"loc":{"start":{"line":213,"column":99},"end":{"line":220,"column":null}},"line":213},"11":{"name":"removePlayerFromGame","decl":{"start":{"line":227,"column":22},"end":{"line":227,"column":43}},"loc":{"start":{"line":227,"column":75},"end":{"line":240,"column":null}},"line":227},"12":{"name":"updateRequestToJoin","decl":{"start":{"line":248,"column":22},"end":{"line":248,"column":42}},"loc":{"start":{"line":248,"column":80},"end":{"line":255,"column":null}},"line":248},"13":{"name":"deleteRequestToJoin","decl":{"start":{"line":262,"column":22},"end":{"line":262,"column":42}},"loc":{"start":{"line":262,"column":76},"end":{"line":271,"column":null}},"line":262},"14":{"name":"getOpenRequestsForGame","decl":{"start":{"line":278,"column":22},"end":{"line":278,"column":45}},"loc":{"start":{"line":278,"column":61},"end":{"line":286,"column":null}},"line":278}},"branchMap":{},"s":{"0":4,"1":40,"2":4,"3":2,"4":2,"5":19,"6":3,"7":1,"8":1,"9":1,"10":1,"11":1,"12":1,"13":1,"14":1,"15":1},"f":{"0":40,"1":4,"2":2,"3":2,"4":19,"5":3,"6":1,"7":1,"8":1,"9":1,"10":1,"11":1,"12":1,"13":1,"14":1},"b":{},"meta":{"lastBranch":0,"lastFunction":15,"lastStatement":16,"seen":{"s:4:26:13:Infinity":0,"f:27:22:27:Infinity":0,"s:36:1:48:Infinity":1,"f:56:22:56:34":1,"s:57:1:62:Infinity":2,"f:72:22:72:39":2,"s:73:1:78:Infinity":3,"f:86:22:86:43":3,"s:87:1:91:Infinity":4,"f:100:22:100:42":4,"s:101:1:106:Infinity":5,"f:115:22:115:38":5,"s:116:1:128:Infinity":6,"f:136:22:136:37":6,"s:137:1:141:Infinity":7,"f:149:22:149:49":7,"s:150:1:158:Infinity":8,"f:166:22:166:38":8,"s:167:1:172:Infinity":9,"f:180:22:180:46":9,"s:181:1:192:Infinity":10,"f:213:22:213:46":10,"s:214:1:219:Infinity":11,"f:227:22:227:43":11,"s:228:1:239:Infinity":12,"f:248:22:248:42":12,"s:249:1:254:Infinity":13,"f:262:22:262:42":13,"s:263:1:270:Infinity":14,"f:278:22:278:45":14,"s:279:1:285:Infinity":15}}}
,"/home/ger/Dev/social-soccer/src/lib/orm/user.ts": {"path":"/home/ger/Dev/social-soccer/src/lib/orm/user.ts","statementMap":{"0":{"start":{"line":12,"column":1},"end":{"line":20,"column":null}},"1":{"start":{"line":31,"column":1},"end":{"line":39,"column":null}},"2":{"start":{"line":48,"column":1},"end":{"line":60,"column":null}},"3":{"start":{"line":69,"column":1},"end":{"line":73,"column":null}},"4":{"start":{"line":83,"column":1},"end":{"line":90,"column":null}},"5":{"start":{"line":103,"column":1},"end":{"line":109,"column":null}},"6":{"start":{"line":113,"column":1},"end":{"line":123,"column":null}},"7":{"start":{"line":133,"column":1},"end":{"line":140,"column":null}}},"fnMap":{"0":{"name":"addNamesToUser","decl":{"start":{"line":11,"column":22},"end":{"line":11,"column":37}},"loc":{"start":{"line":11,"column":90},"end":{"line":21,"column":null}},"line":11},"1":{"name":"createUser","decl":{"start":{"line":30,"column":22},"end":{"line":30,"column":33}},"loc":{"start":{"line":30,"column":86},"end":{"line":40,"column":null}},"line":30},"2":{"name":"getUserByID","decl":{"start":{"line":47,"column":22},"end":{"line":47,"column":34}},"loc":{"start":{"line":47,"column":46},"end":{"line":61,"column":null}},"line":47},"3":{"name":"getUserByEmail","decl":{"start":{"line":68,"column":22},"end":{"line":68,"column":37}},"loc":{"start":{"line":68,"column":52},"end":{"line":74,"column":null}},"line":68},"4":{"name":"addAddressToUser","decl":{"start":{"line":82,"column":22},"end":{"line":82,"column":39}},"loc":{"start":{"line":82,"column":74},"end":{"line":91,"column":null}},"line":82},"5":{"name":"createRating","decl":{"start":{"line":102,"column":22},"end":{"line":102,"column":35}},"loc":{"start":{"line":102,"column":83},"end":{"line":110,"column":null}},"line":102},"6":{"name":"updateRating","decl":{"start":{"line":112,"column":22},"end":{"line":112,"column":35}},"loc":{"start":{"line":112,"column":83},"end":{"line":124,"column":null}},"line":112},"7":{"name":"getRating","decl":{"start":{"line":132,"column":22},"end":{"line":132,"column":32}},"loc":{"start":{"line":132,"column":64},"end":{"line":141,"column":null}},"line":132}},"branchMap":{},"s":{"0":1,"1":45,"2":2,"3":2,"4":1,"5":3,"6":1,"7":2},"f":{"0":1,"1":45,"2":2,"3":2,"4":1,"5":3,"6":1,"7":2},"b":{},"meta":{"lastBranch":0,"lastFunction":8,"lastStatement":8,"seen":{"f:11:22:11:37":0,"s:12:1:20:Infinity":0,"f:30:22:30:33":1,"s:31:1:39:Infinity":1,"f:47:22:47:34":2,"s:48:1:60:Infinity":2,"f:68:22:68:37":3,"s:69:1:73:Infinity":3,"f:82:22:82:39":4,"s:83:1:90:Infinity":4,"f:102:22:102:35":5,"s:103:1:109:Infinity":5,"f:112:22:112:35":6,"s:113:1:123:Infinity":6,"f:132:22:132:32":7,"s:133:1:140:Infinity":7}}}
,"/home/ger/Dev/social-soccer/src/lib/server/address.ts": {"path":"/home/ger/Dev/social-soccer/src/lib/server/address.ts","statementMap":{"0":{"start":{"line":22,"column":40},"end":{"line":22,"column":null}},"1":{"start":{"line":24,"column":23},"end":{"line":24,"column":null}},"2":{"start":{"line":29,"column":1},"end":{"line":33,"column":null}},"3":{"start":{"line":30,"column":2},"end":{"line":30,"column":null}},"4":{"start":{"line":32,"column":2},"end":{"line":32,"column":null}},"5":{"start":{"line":35,"column":1},"end":{"line":35,"column":null}},"6":{"start":{"line":47,"column":49},"end":{"line":47,"column":null}},"7":{"start":{"line":49,"column":1},"end":{"line":51,"column":null}},"8":{"start":{"line":50,"column":2},"end":{"line":50,"column":null}},"9":{"start":{"line":53,"column":17},"end":{"line":53,"column":null}},"10":{"start":{"line":54,"column":1},"end":{"line":56,"column":null}},"11":{"start":{"line":55,"column":2},"end":{"line":55,"column":null}},"12":{"start":{"line":58,"column":18},"end":{"line":58,"column":null}},"13":{"start":{"line":60,"column":1},"end":{"line":62,"column":null}},"14":{"start":{"line":61,"column":2},"end":{"line":61,"column":null}},"15":{"start":{"line":63,"column":1},"end":{"line":63,"column":null}},"16":{"start":{"line":73,"column":44},"end":{"line":80,"column":null}},"17":{"start":{"line":81,"column":1},"end":{"line":81,"column":null}},"18":{"start":{"line":92,"column":40},"end":{"line":92,"column":null}},"19":{"start":{"line":94,"column":23},"end":{"line":94,"column":null}},"20":{"start":{"line":96,"column":24},"end":{"line":96,"column":null}},"21":{"start":{"line":98,"column":1},"end":{"line":98,"column":null}}},"fnMap":{"0":{"name":"createAddressFromForm","decl":{"start":{"line":20,"column":22},"end":{"line":20,"column":44}},"loc":{"start":{"line":20,"column":79},"end":{"line":36,"column":null}},"line":20},"1":{"name":"performUpdate","decl":{"start":{"line":46,"column":22},"end":{"line":46,"column":36}},"loc":{"start":{"line":46,"column":80},"end":{"line":64,"column":null}},"line":46},"2":{"name":"getDecryptedAddress","decl":{"start":{"line":72,"column":16},"end":{"line":72,"column":36}},"loc":{"start":{"line":72,"column":63},"end":{"line":82,"column":null}},"line":72},"3":{"name":"updateAddressFromForm","decl":{"start":{"line":91,"column":22},"end":{"line":91,"column":44}},"loc":{"start":{"line":91,"column":79},"end":{"line":99,"column":null}},"line":91}},"branchMap":{"0":{"loc":{"start":{"line":29,"column":1},"end":{"line":33,"column":null}},"type":"if","locations":[{"start":{"line":29,"column":1},"end":{"line":33,"column":null}},{"start":{"line":31,"column":8},"end":{"line":33,"column":null}}],"line":29},"1":{"loc":{"start":{"line":49,"column":1},"end":{"line":51,"column":null}},"type":"if","locations":[{"start":{"line":49,"column":1},"end":{"line":51,"column":null}},{"start":{},"end":{}}],"line":49},"2":{"loc":{"start":{"line":54,"column":1},"end":{"line":56,"column":null}},"type":"if","locations":[{"start":{"line":54,"column":1},"end":{"line":56,"column":null}},{"start":{},"end":{}}],"line":54},"3":{"loc":{"start":{"line":60,"column":1},"end":{"line":62,"column":null}},"type":"if","locations":[{"start":{"line":60,"column":1},"end":{"line":62,"column":null}},{"start":{},"end":{}}],"line":60}},"s":{"0":2,"1":2,"2":2,"3":1,"4":1,"5":2,"6":5,"7":5,"8":1,"9":4,"10":4,"11":1,"12":4,"13":4,"14":1,"15":4,"16":1,"17":1,"18":1,"19":1,"20":1,"21":1},"f":{"0":2,"1":5,"2":1,"3":1},"b":{"0":[1,1],"1":[1,4],"2":[1,3],"3":[1,3]},"meta":{"lastBranch":4,"lastFunction":4,"lastStatement":22,"seen":{"f:20:22:20:44":0,"s:22:40:22:Infinity":0,"s:24:23:24:Infinity":1,"b:29:1:33:Infinity:31:8:33:Infinity":0,"s:29:1:33:Infinity":2,"s:30:2:30:Infinity":3,"s:32:2:32:Infinity":4,"s:35:1:35:Infinity":5,"f:46:22:46:36":1,"s:47:49:47:Infinity":6,"b:49:1:51:Infinity:undefined:undefined:undefined:undefined":1,"s:49:1:51:Infinity":7,"s:50:2:50:Infinity":8,"s:53:17:53:Infinity":9,"b:54:1:56:Infinity:undefined:undefined:undefined:undefined":2,"s:54:1:56:Infinity":10,"s:55:2:55:Infinity":11,"s:58:18:58:Infinity":12,"b:60:1:62:Infinity:undefined:undefined:undefined:undefined":3,"s:60:1:62:Infinity":13,"s:61:2:61:Infinity":14,"s:63:1:63:Infinity":15,"f:72:16:72:36":2,"s:73:44:80:Infinity":16,"s:81:1:81:Infinity":17,"f:91:22:91:44":3,"s:92:40:92:Infinity":18,"s:94:23:94:Infinity":19,"s:96:24:96:Infinity":20,"s:98:1:98:Infinity":21}}}
,"/home/ger/Dev/social-soccer/src/lib/server/auth.ts": {"path":"/home/ger/Dev/social-soccer/src/lib/server/auth.ts","statementMap":{"0":{"start":{"line":14,"column":25},"end":{"line":14,"column":null}},"1":{"start":{"line":16,"column":33},"end":{"line":16,"column":null}},"2":{"start":{"line":23,"column":15},"end":{"line":23,"column":null}},"3":{"start":{"line":24,"column":7},"end":{"line":24,"column":null}},"4":{"start":{"line":26,"column":1},"end":{"line":26,"column":null}},"5":{"start":{"line":36,"column":7},"end":{"line":36,"column":null}},"6":{"start":{"line":37,"column":22},"end":{"line":37,"column":null}},"7":{"start":{"line":39,"column":20},"end":{"line":39,"column":null}},"8":{"start":{"line":40,"column":1},"end":{"line":40,"column":null}},"9":{"start":{"line":50,"column":7},"end":{"line":50,"column":null}},"10":{"start":{"line":52,"column":20},"end":{"line":52,"column":null}},"11":{"start":{"line":54,"column":1},"end":{"line":56,"column":null}},"12":{"start":{"line":55,"column":2},"end":{"line":55,"column":null}},"13":{"start":{"line":57,"column":24},"end":{"line":57,"column":null}},"14":{"start":{"line":59,"column":1},"end":{"line":61,"column":null}},"15":{"start":{"line":60,"column":8},"end":{"line":60,"column":null}},"16":{"start":{"line":63,"column":22},"end":{"line":63,"column":null}},"17":{"start":{"line":65,"column":1},"end":{"line":69,"column":null}},"18":{"start":{"line":66,"column":24},"end":{"line":66,"column":null}},"19":{"start":{"line":67,"column":8},"end":{"line":67,"column":null}},"20":{"start":{"line":71,"column":1},"end":{"line":71,"column":null}},"21":{"start":{"line":83,"column":1},"end":{"line":83,"column":null}},"22":{"start":{"line":91,"column":1},"end":{"line":91,"column":null}},"23":{"start":{"line":99,"column":15},"end":{"line":99,"column":null}},"24":{"start":{"line":100,"column":7},"end":{"line":100,"column":null}},"25":{"start":{"line":101,"column":1},"end":{"line":101,"column":null}},"26":{"start":{"line":113,"column":4},"end":{"line":113,"column":null}},"27":{"start":{"line":114,"column":15},"end":{"line":114,"column":null}},"28":{"start":{"line":116,"column":20},"end":{"line":116,"column":null}},"29":{"start":{"line":118,"column":4},"end":{"line":118,"column":null}},"30":{"start":{"line":119,"column":1},"end":{"line":119,"column":null}},"31":{"start":{"line":127,"column":46},"end":{"line":138,"column":null}},"32":{"start":{"line":129,"column":21},"end":{"line":129,"column":null}},"33":{"start":{"line":131,"column":22},"end":{"line":131,"column":null}},"34":{"start":{"line":133,"column":1},"end":{"line":135,"column":null}},"35":{"start":{"line":134,"column":2},"end":{"line":134,"column":null}},"36":{"start":{"line":137,"column":1},"end":{"line":137,"column":null}},"37":{"start":{"line":147,"column":18},"end":{"line":147,"column":null}},"38":{"start":{"line":149,"column":20},"end":{"line":149,"column":null}},"39":{"start":{"line":150,"column":4},"end":{"line":150,"column":null}},"40":{"start":{"line":152,"column":4},"end":{"line":152,"column":null}}},"fnMap":{"0":{"name":"generateToken","decl":{"start":{"line":22,"column":16},"end":{"line":22,"column":32}},"loc":{"start":{"line":22,"column":32},"end":{"line":27,"column":null}},"line":22},"1":{"name":"createSession","decl":{"start":{"line":35,"column":22},"end":{"line":35,"column":36}},"loc":{"start":{"line":35,"column":67},"end":{"line":41,"column":null}},"line":35},"2":{"name":"validateSessionToken","decl":{"start":{"line":49,"column":22},"end":{"line":49,"column":43}},"loc":{"start":{"line":49,"column":58},"end":{"line":72,"column":null}},"line":49},"3":{"name":"setSessionTokenCookie","decl":{"start":{"line":82,"column":16},"end":{"line":82,"column":38}},"loc":{"start":{"line":82,"column":91},"end":{"line":84,"column":null}},"line":82},"4":{"name":"deleteSessionTokenCookie","decl":{"start":{"line":90,"column":16},"end":{"line":90,"column":41}},"loc":{"start":{"line":90,"column":62},"end":{"line":92,"column":null}},"line":90},"5":{"name":"generateUserId","decl":{"start":{"line":98,"column":16},"end":{"line":98,"column":33}},"loc":{"start":{"line":98,"column":33},"end":{"line":102,"column":null}},"line":98},"6":{"name":"createEmailVerificationToken","decl":{"start":{"line":111,"column":22},"end":{"line":111,"column":51}},"loc":{"start":{"line":111,"column":84},"end":{"line":120,"column":null}},"line":111},"7":{"name":"(anonymous_7)","decl":{"start":{"line":127,"column":46},"end":{"line":127,"column":53}},"loc":{"start":{"line":127,"column":71},"end":{"line":138,"column":null}},"line":127},"8":{"name":"generatePasswordResetToken","decl":{"start":{"line":145,"column":22},"end":{"line":145,"column":49}},"loc":{"start":{"line":145,"column":65},"end":{"line":153,"column":null}},"line":145}},"branchMap":{"0":{"loc":{"start":{"line":54,"column":1},"end":{"line":56,"column":null}},"type":"if","locations":[{"start":{"line":54,"column":1},"end":{"line":56,"column":null}},{"start":{},"end":{}}],"line":54},"1":{"loc":{"start":{"line":59,"column":1},"end":{"line":61,"column":null}},"type":"if","locations":[{"start":{"line":59,"column":1},"end":{"line":61,"column":null}},{"start":{},"end":{}}],"line":59},"2":{"loc":{"start":{"line":65,"column":1},"end":{"line":69,"column":null}},"type":"if","locations":[{"start":{"line":65,"column":1},"end":{"line":69,"column":null}},{"start":{},"end":{}}],"line":65},"3":{"loc":{"start":{"line":133,"column":1},"end":{"line":135,"column":null}},"type":"if","locations":[{"start":{"line":133,"column":1},"end":{"line":135,"column":null}},{"start":{},"end":{}}],"line":133}},"s":{"0":2,"1":2,"2":5,"3":5,"4":5,"5":5,"6":5,"7":5,"8":5,"9":3,"10":3,"11":3,"12":1,"13":2,"14":2,"15":1,"16":2,"17":2,"18":1,"19":1,"20":2,"21":1,"22":1,"23":1,"24":1,"25":1,"26":1,"27":1,"28":1,"29":1,"30":1,"31":2,"32":2,"33":2,"34":2,"35":1,"36":1,"37":1,"38":1,"39":1,"40":1},"f":{"0":5,"1":5,"2":3,"3":1,"4":1,"5":1,"6":1,"7":2,"8":1},"b":{"0":[1,2],"1":[1,1],"2":[1,1],"3":[1,1]},"meta":{"lastBranch":4,"lastFunction":9,"lastStatement":41,"seen":{"s:14:25:14:Infinity":0,"s:16:33:16:Infinity":1,"f:22:16:22:32":0,"s:23:15:23:Infinity":2,"s:24:7:24:Infinity":3,"s:26:1:26:Infinity":4,"f:35:22:35:36":1,"s:36:7:36:Infinity":5,"s:37:22:37:Infinity":6,"s:39:20:39:Infinity":7,"s:40:1:40:Infinity":8,"f:49:22:49:43":2,"s:50:7:50:Infinity":9,"s:52:20:52:Infinity":10,"b:54:1:56:Infinity:undefined:undefined:undefined:undefined":0,"s:54:1:56:Infinity":11,"s:55:2:55:Infinity":12,"s:57:24:57:Infinity":13,"b:59:1:61:Infinity:undefined:undefined:undefined:undefined":1,"s:59:1:61:Infinity":14,"s:60:8:60:Infinity":15,"s:63:22:63:Infinity":16,"b:65:1:69:Infinity:undefined:undefined:undefined:undefined":2,"s:65:1:69:Infinity":17,"s:66:24:66:Infinity":18,"s:67:8:67:Infinity":19,"s:71:1:71:Infinity":20,"f:82:16:82:38":3,"s:83:1:83:Infinity":21,"f:90:16:90:41":4,"s:91:1:91:Infinity":22,"f:98:16:98:33":5,"s:99:15:99:Infinity":23,"s:100:7:100:Infinity":24,"s:101:1:101:Infinity":25,"f:111:22:111:51":6,"s:113:4:113:Infinity":26,"s:114:15:114:Infinity":27,"s:116:20:116:Infinity":28,"s:118:4:118:Infinity":29,"s:119:1:119:Infinity":30,"s:127:46:138:Infinity":31,"f:127:46:127:53":7,"s:129:21:129:Infinity":32,"s:131:22:131:Infinity":33,"b:133:1:135:Infinity:undefined:undefined:undefined:undefined":3,"s:133:1:135:Infinity":34,"s:134:2:134:Infinity":35,"s:137:1:137:Infinity":36,"f:145:22:145:49":8,"s:147:18:147:Infinity":37,"s:149:20:149:Infinity":38,"s:150:4:150:Infinity":39,"s:152:4:152:Infinity":40}}}
,"/home/ger/Dev/social-soccer/src/lib/server/email.ts": {"path":"/home/ger/Dev/social-soccer/src/lib/server/email.ts","statementMap":{"0":{"start":{"line":5,"column":6},"end":{"line":11,"column":null}},"1":{"start":{"line":19,"column":1},"end":{"line":33,"column":null}},"2":{"start":{"line":20,"column":22},"end":{"line":25,"column":null}},"3":{"start":{"line":27,"column":2},"end":{"line":27,"column":null}},"4":{"start":{"line":28,"column":2},"end":{"line":28,"column":null}},"5":{"start":{"line":32,"column":2},"end":{"line":32,"column":null}},"6":{"start":{"line":42,"column":1},"end":{"line":55,"column":null}},"7":{"start":{"line":43,"column":22},"end":{"line":48,"column":null}},"8":{"start":{"line":49,"column":2},"end":{"line":49,"column":null}},"9":{"start":{"line":50,"column":2},"end":{"line":50,"column":null}},"10":{"start":{"line":54,"column":2},"end":{"line":54,"column":null}}},"fnMap":{"0":{"name":"sendVerificationEmail","decl":{"start":{"line":18,"column":22},"end":{"line":18,"column":44}},"loc":{"start":{"line":18,"column":72},"end":{"line":34,"column":null}},"line":18},"1":{"name":"sendPasswordRestEmail","decl":{"start":{"line":41,"column":22},"end":{"line":41,"column":44}},"loc":{"start":{"line":41,"column":72},"end":{"line":56,"column":null}},"line":41}},"branchMap":{},"s":{"0":1,"1":2,"2":2,"3":2,"4":1,"5":1,"6":2,"7":2,"8":2,"9":1,"10":1},"f":{"0":2,"1":2},"b":{},"meta":{"lastBranch":0,"lastFunction":2,"lastStatement":11,"seen":{"s:5:6:11:Infinity":0,"f:18:22:18:44":0,"s:19:1:33:Infinity":1,"s:20:22:25:Infinity":2,"s:27:2:27:Infinity":3,"s:28:2:28:Infinity":4,"s:32:2:32:Infinity":5,"f:41:22:41:44":1,"s:42:1:55:Infinity":6,"s:43:22:48:Infinity":7,"s:49:2:49:Infinity":8,"s:50:2:50:Infinity":9,"s:54:2:54:Infinity":10}}}
,"/home/ger/Dev/social-soccer/src/lib/server/game.ts": {"path":"/home/ger/Dev/social-soccer/src/lib/server/game.ts","statementMap":{"0":{"start":{"line":29,"column":64},"end":{"line":29,"column":null}},"1":{"start":{"line":31,"column":1},"end":{"line":31,"column":null}},"2":{"start":{"line":67,"column":17},"end":{"line":67,"column":null}},"3":{"start":{"line":68,"column":31},"end":{"line":76,"column":null}},"4":{"start":{"line":78,"column":1},"end":{"line":78,"column":null}},"5":{"start":{"line":88,"column":25},"end":{"line":88,"column":null}},"6":{"start":{"line":90,"column":1},"end":{"line":92,"column":null}},"7":{"start":{"line":91,"column":2},"end":{"line":91,"column":null}},"8":{"start":{"line":102,"column":14},"end":{"line":102,"column":null}},"9":{"start":{"line":104,"column":1},"end":{"line":106,"column":null}},"10":{"start":{"line":105,"column":2},"end":{"line":105,"column":null}},"11":{"start":{"line":107,"column":1},"end":{"line":107,"column":null}},"12":{"start":{"line":125,"column":44},"end":{"line":125,"column":null}},"13":{"start":{"line":126,"column":17},"end":{"line":126,"column":null}},"14":{"start":{"line":126,"column":49},"end":{"line":126,"column":58}},"15":{"start":{"line":128,"column":1},"end":{"line":143,"column":null}},"16":{"start":{"line":129,"column":23},"end":{"line":129,"column":null}},"17":{"start":{"line":131,"column":2},"end":{"line":142,"column":null}},"18":{"start":{"line":132,"column":21},"end":{"line":132,"column":null}},"19":{"start":{"line":132,"column":54},"end":{"line":132,"column":75}},"20":{"start":{"line":133,"column":3},"end":{"line":141,"column":null}},"21":{"start":{"line":134,"column":24},"end":{"line":134,"column":null}},"22":{"start":{"line":135,"column":4},"end":{"line":140,"column":null}},"23":{"start":{"line":145,"column":1},"end":{"line":145,"column":null}},"24":{"start":{"line":155,"column":14},"end":{"line":155,"column":null}},"25":{"start":{"line":157,"column":1},"end":{"line":159,"column":null}},"26":{"start":{"line":158,"column":2},"end":{"line":158,"column":null}},"27":{"start":{"line":161,"column":1},"end":{"line":163,"column":null}},"28":{"start":{"line":162,"column":2},"end":{"line":162,"column":null}}},"fnMap":{"0":{"name":"createGameFromForm","decl":{"start":{"line":25,"column":22},"end":{"line":25,"column":null}},"loc":{"start":{"line":28,"column":2},"end":{"line":32,"column":null}},"line":28},"1":{"name":"buildGameDataForMap","decl":{"start":{"line":66,"column":22},"end":{"line":66,"column":42}},"loc":{"start":{"line":66,"column":87},"end":{"line":79,"column":null}},"line":66},"2":{"name":"verifyRequestToJoinIsUnique","decl":{"start":{"line":87,"column":22},"end":{"line":87,"column":50}},"loc":{"start":{"line":87,"column":82},"end":{"line":93,"column":null}},"line":87},"3":{"name":"getGameWithPlayers","decl":{"start":{"line":101,"column":22},"end":{"line":101,"column":41}},"loc":{"start":{"line":101,"column":57},"end":{"line":108,"column":null}},"line":101},"4":{"name":"buildClosestGameData","decl":{"start":{"line":122,"column":22},"end":{"line":122,"column":null}},"loc":{"start":{"line":124,"column":30},"end":{"line":146,"column":null}},"line":124},"5":{"name":"(anonymous_5)","decl":{"start":{"line":126,"column":37},"end":{"line":126,"column":38}},"loc":{"start":{"line":126,"column":49},"end":{"line":126,"column":58}},"line":126},"6":{"name":"(anonymous_6)","decl":{"start":{"line":131,"column":23},"end":{"line":131,"column":24}},"loc":{"start":{"line":131,"column":33},"end":{"line":142,"column":3}},"line":131},"7":{"name":"(anonymous_7)","decl":{"start":{"line":132,"column":42},"end":{"line":132,"column":43}},"loc":{"start":{"line":132,"column":54},"end":{"line":132,"column":75}},"line":132},"8":{"name":"verifyUserIsOrganiserOfGame","decl":{"start":{"line":154,"column":22},"end":{"line":154,"column":50}},"loc":{"start":{"line":154,"column":82},"end":{"line":164,"column":null}},"line":154}},"branchMap":{"0":{"loc":{"start":{"line":90,"column":1},"end":{"line":92,"column":null}},"type":"if","locations":[{"start":{"line":90,"column":1},"end":{"line":92,"column":null}},{"start":{},"end":{}}],"line":90},"1":{"loc":{"start":{"line":104,"column":1},"end":{"line":106,"column":null}},"type":"if","locations":[{"start":{"line":104,"column":1},"end":{"line":106,"column":null}},{"start":{},"end":{}}],"line":104},"2":{"loc":{"start":{"line":128,"column":1},"end":{"line":143,"column":null}},"type":"if","locations":[{"start":{"line":128,"column":1},"end":{"line":143,"column":null}},{"start":{},"end":{}}],"line":128},"3":{"loc":{"start":{"line":133,"column":3},"end":{"line":141,"column":null}},"type":"if","locations":[{"start":{"line":133,"column":3},"end":{"line":141,"column":null}},{"start":{},"end":{}}],"line":133},"4":{"loc":{"start":{"line":157,"column":1},"end":{"line":159,"column":null}},"type":"if","locations":[{"start":{"line":157,"column":1},"end":{"line":159,"column":null}},{"start":{},"end":{}}],"line":157},"5":{"loc":{"start":{"line":161,"column":1},"end":{"line":163,"column":null}},"type":"if","locations":[{"start":{"line":161,"column":1},"end":{"line":163,"column":null}},{"start":{},"end":{}}],"line":161}},"s":{"0":1,"1":1,"2":1,"3":1,"4":1,"5":2,"6":2,"7":1,"8":2,"9":2,"10":1,"11":1,"12":3,"13":3,"14":4,"15":3,"16":2,"17":2,"18":4,"19":7,"20":4,"21":2,"22":2,"23":3,"24":3,"25":3,"26":1,"27":2,"28":1},"f":{"0":1,"1":1,"2":2,"3":2,"4":3,"5":4,"6":4,"7":7,"8":3},"b":{"0":[1,1],"1":[1,1],"2":[2,1],"3":[2,2],"4":[1,2],"5":[1,1]},"meta":{"lastBranch":6,"lastFunction":9,"lastStatement":29,"seen":{"f:25:22:25:Infinity":0,"s:29:64:29:Infinity":0,"s:31:1:31:Infinity":1,"f:66:22:66:42":1,"s:67:17:67:Infinity":2,"s:68:31:76:Infinity":3,"s:78:1:78:Infinity":4,"f:87:22:87:50":2,"s:88:25:88:Infinity":5,"b:90:1:92:Infinity:undefined:undefined:undefined:undefined":0,"s:90:1:92:Infinity":6,"s:91:2:91:Infinity":7,"f:101:22:101:41":3,"s:102:14:102:Infinity":8,"b:104:1:106:Infinity:undefined:undefined:undefined:undefined":1,"s:104:1:106:Infinity":9,"s:105:2:105:Infinity":10,"s:107:1:107:Infinity":11,"f:122:22:122:Infinity":4,"s:125:44:125:Infinity":12,"s:126:17:126:Infinity":13,"f:126:37:126:38":5,"s:126:49:126:58":14,"b:128:1:143:Infinity:undefined:undefined:undefined:undefined":2,"s:128:1:143:Infinity":15,"s:129:23:129:Infinity":16,"s:131:2:142:Infinity":17,"f:131:23:131:24":6,"s:132:21:132:Infinity":18,"f:132:42:132:43":7,"s:132:54:132:75":19,"b:133:3:141:Infinity:undefined:undefined:undefined:undefined":3,"s:133:3:141:Infinity":20,"s:134:24:134:Infinity":21,"s:135:4:140:Infinity":22,"s:145:1:145:Infinity":23,"f:154:22:154:50":8,"s:155:14:155:Infinity":24,"b:157:1:159:Infinity:undefined:undefined:undefined:undefined":4,"s:157:1:159:Infinity":25,"s:158:2:158:Infinity":26,"b:161:1:163:Infinity:undefined:undefined:undefined:undefined":5,"s:161:1:163:Infinity":27,"s:162:2:162:Infinity":28}}}
,"/home/ger/Dev/social-soccer/src/lib/server/user.ts": {"path":"/home/ger/Dev/social-soccer/src/lib/server/user.ts","statementMap":{"0":{"start":{"line":5,"column":17},"end":{"line":5,"column":null}},"1":{"start":{"line":6,"column":16},"end":{"line":6,"column":null}},"2":{"start":{"line":7,"column":1},"end":{"line":9,"column":null}},"3":{"start":{"line":8,"column":2},"end":{"line":8,"column":null}},"4":{"start":{"line":11,"column":1},"end":{"line":13,"column":null}},"5":{"start":{"line":12,"column":2},"end":{"line":12,"column":null}},"6":{"start":{"line":15,"column":1},"end":{"line":15,"column":null}}},"fnMap":{"0":{"name":"getDecryptedUserDetails","decl":{"start":{"line":4,"column":22},"end":{"line":4,"column":46}},"loc":{"start":{"line":4,"column":58},"end":{"line":16,"column":null}},"line":4}},"branchMap":{"0":{"loc":{"start":{"line":7,"column":1},"end":{"line":9,"column":null}},"type":"if","locations":[{"start":{"line":7,"column":1},"end":{"line":9,"column":null}},{"start":{},"end":{}}],"line":7},"1":{"loc":{"start":{"line":11,"column":1},"end":{"line":13,"column":null}},"type":"if","locations":[{"start":{"line":11,"column":1},"end":{"line":13,"column":null}},{"start":{},"end":{}}],"line":11}},"s":{"0":2,"1":2,"2":2,"3":1,"4":2,"5":1,"6":2},"f":{"0":2},"b":{"0":[1,1],"1":[1,1]},"meta":{"lastBranch":2,"lastFunction":1,"lastStatement":7,"seen":{"f:4:22:4:46":0,"s:5:17:5:Infinity":0,"s:6:16:6:Infinity":1,"b:7:1:9:Infinity:undefined:undefined:undefined:undefined":0,"s:7:1:9:Infinity":2,"s:8:2:8:Infinity":3,"b:11:1:13:Infinity:undefined:undefined:undefined:undefined":1,"s:11:1:13:Infinity":4,"s:12:2:12:Infinity":5,"s:15:1:15:Infinity":6}}}
,"/home/ger/Dev/social-soccer/src/lib/server/utils.ts": {"path":"/home/ger/Dev/social-soccer/src/lib/server/utils.ts","statementMap":{"0":{"start":{"line":8,"column":19},"end":{"line":8,"column":null}},"1":{"start":{"line":10,"column":1},"end":{"line":12,"column":null}},"2":{"start":{"line":11,"column":2},"end":{"line":11,"column":null}},"3":{"start":{"line":14,"column":27},"end":{"line":14,"column":null}},"4":{"start":{"line":15,"column":1},"end":{"line":17,"column":null}},"5":{"start":{"line":16,"column":2},"end":{"line":16,"column":null}},"6":{"start":{"line":18,"column":1},"end":{"line":18,"column":null}},"7":{"start":{"line":22,"column":19},"end":{"line":22,"column":null}},"8":{"start":{"line":24,"column":1},"end":{"line":26,"column":null}},"9":{"start":{"line":25,"column":2},"end":{"line":25,"column":null}},"10":{"start":{"line":28,"column":1},"end":{"line":28,"column":null}}},"fnMap":{"0":{"name":"getNumberFromFormData","decl":{"start":{"line":7,"column":16},"end":{"line":7,"column":38}},"loc":{"start":{"line":7,"column":72},"end":{"line":19,"column":null}},"line":7},"1":{"name":"getStringFromFormData","decl":{"start":{"line":21,"column":16},"end":{"line":21,"column":38}},"loc":{"start":{"line":21,"column":72},"end":{"line":29,"column":null}},"line":21}},"branchMap":{"0":{"loc":{"start":{"line":10,"column":1},"end":{"line":12,"column":null}},"type":"if","locations":[{"start":{"line":10,"column":1},"end":{"line":12,"column":null}},{"start":{},"end":{}}],"line":10},"1":{"loc":{"start":{"line":15,"column":1},"end":{"line":17,"column":null}},"type":"if","locations":[{"start":{"line":15,"column":1},"end":{"line":17,"column":null}},{"start":{},"end":{}}],"line":15},"2":{"loc":{"start":{"line":24,"column":1},"end":{"line":26,"column":null}},"type":"if","locations":[{"start":{"line":24,"column":1},"end":{"line":26,"column":null}},{"start":{},"end":{}}],"line":24}},"s":{"0":3,"1":3,"2":1,"3":2,"4":2,"5":1,"6":1,"7":2,"8":2,"9":1,"10":1},"f":{"0":3,"1":2},"b":{"0":[1,2],"1":[1,1],"2":[1,1]},"meta":{"lastBranch":3,"lastFunction":2,"lastStatement":11,"seen":{"f:7:16:7:38":0,"s:8:19:8:Infinity":0,"b:10:1:12:Infinity:undefined:undefined:undefined:undefined":0,"s:10:1:12:Infinity":1,"s:11:2:11:Infinity":2,"s:14:27:14:Infinity":3,"b:15:1:17:Infinity:undefined:undefined:undefined:undefined":1,"s:15:1:17:Infinity":4,"s:16:2:16:Infinity":5,"s:18:1:18:Infinity":6,"f:21:16:21:38":1,"s:22:19:22:Infinity":7,"b:24:1:26:Infinity:undefined:undefined:undefined:undefined":2,"s:24:1:26:Infinity":8,"s:25:2:25:Infinity":9,"s:28:1:28:Infinity":10}}}
}
